<?xml version="1.0" encoding="UTF-8"?>
<!-- Generated by org.testng.reporters.JUnitReportReporter -->
<testsuite skipped="0" hostname="DESKTOP-OHLANKH" name="com.HerokuAppTests.WindowsTest" tests="1" failures="0" timestamp="18 Aug 2020 14:04:28 GMT" time="10.984" errors="0">
  <testcase name="shouldClickToOpenNewWindow" time="10.984" classname="com.HerokuAppTests.WindowsTest"/>
</testsuite> <!-- com.HerokuAppTests.WindowsTest -->
