<?xml version="1.0" encoding="UTF-8"?>
<!-- Generated by org.testng.reporters.JUnitReportReporter -->
<testsuite skipped="0" hostname="DESKTOP-OHLANKH" name="com.HerokuAppTests.LoginPageTest" tests="3" failures="0" timestamp="18 Aug 2020 14:04:28 GMT" time="37.262" errors="0">
  <testcase name="loginPageTitleTest" time="11.253" classname="com.HerokuAppTests.LoginPageTest"/>
  <testcase name="loginTestShould" time="12.279" classname="com.HerokuAppTests.LoginPageTest"/>
  <testcase name="failedLoginTestShould" time="13.730" classname="com.HerokuAppTests.LoginPageTest"/>
</testsuite> <!-- com.HerokuAppTests.LoginPageTest -->
