<?xml version="1.0" encoding="UTF-8"?>
<!-- Generated by org.testng.reporters.JUnitReportReporter -->
<testsuite skipped="0" hostname="DESKTOP-OHLANKH" name="com.HerokuAppTests.DynamicControlsTest" tests="1" failures="0" timestamp="18 Aug 2020 14:04:28 GMT" time="17.546" errors="0">
  <testcase name="enableAndDisableButtonShould" time="17.546" classname="com.HerokuAppTests.DynamicControlsTest"/>
</testsuite> <!-- com.HerokuAppTests.DynamicControlsTest -->
