<?xml version="1.0" encoding="UTF-8"?>
<!-- Generated by org.testng.reporters.JUnitReportReporter -->
<testsuite skipped="0" hostname="DESKTOP-OHLANKH" name="com.HerokuAppTests.LoginPageTest" tests="3" failures="0" timestamp="18 Aug 2020 14:37:13 GMT" time="37.951" errors="0">
  <testcase name="loginPageTitleTest" time="10.960" classname="com.HerokuAppTests.LoginPageTest"/>
  <testcase name="loginTestShould" time="12.406" classname="com.HerokuAppTests.LoginPageTest"/>
  <testcase name="failedLoginTestShould" time="14.585" classname="com.HerokuAppTests.LoginPageTest"/>
</testsuite> <!-- com.HerokuAppTests.LoginPageTest -->
