<?xml version="1.0" encoding="UTF-8"?>
<!-- Generated by org.testng.reporters.JUnitReportReporter -->
<testsuite skipped="0" hostname="DESKTOP-OHLANKH" name="com.HerokuAppTests.ExitIntentTest" tests="1" failures="0" timestamp="18 Aug 2020 14:04:28 GMT" time="10.781" errors="0">
  <testcase name="exitIntentTxtIsDisplayed" time="10.781" classname="com.HerokuAppTests.ExitIntentTest"/>
</testsuite> <!-- com.HerokuAppTests.ExitIntentTest -->
